This is pdfTeX, Version 3.1415926-2.5-1.40.14 (MiKTeX 2.9 64-bit) (preloaded format=pdflatex 2015.5.17)  5 JUN 2015 21:37
entering extended mode
**MSProjectDraft.tex

(C:\Users\Gabrielle\Desktop\Gabrielle-Cosm-Research_GitHubby\MSProjectDraft.tex
LaTeX2e <2011/06/27>
Babel <v3.8m> and hyphenation patterns for english, afrikaans, ancientgreek, ar
abic, armenian, assamese, basque, bengali, bokmal, bulgarian, catalan, coptic, 
croatian, czech, danish, dutch, esperanto, estonian, farsi, finnish, french, ga
lician, german, german-x-2013-05-26, greek, gujarati, hindi, hungarian, iceland
ic, indonesian, interlingua, irish, italian, kannada, kurmanji, latin, latvian,
 lithuanian, malayalam, marathi, mongolian, mongolianlmc, monogreek, ngerman, n
german-x-2013-05-26, nynorsk, oriya, panjabi, pinyin, polish, portuguese, roman
ian, russian, sanskrit, serbian, slovak, slovenian, spanish, swedish, swissgerm
an, tamil, telugu, turkish, turkmen, ukenglish, ukrainian, uppersorbian, usengl
ishmax, welsh, loaded.
("C:\Program Files\MiKTeX 2.9\tex\latex\base\article.cls"
Document Class: article 2007/10/19 v1.4h Standard LaTeX document class
("C:\Program Files\MiKTeX 2.9\tex\latex\base\size12.clo"
File: size12.clo 2007/10/19 v1.4h Standard LaTeX file (size option)
)
\c@part=\count79
\c@section=\count80
\c@subsection=\count81
\c@subsubsection=\count82
\c@paragraph=\count83
\c@subparagraph=\count84
\c@figure=\count85
\c@table=\count86
\abovecaptionskip=\skip41
\belowcaptionskip=\skip42
\bibindent=\dimen102
)
("C:\Program Files\MiKTeX 2.9\tex\latex\base\inputenc.sty"
Package: inputenc 2008/03/30 v1.1d Input encoding file
\inpenc@prehook=\toks14
\inpenc@posthook=\toks15

("C:\Program Files\MiKTeX 2.9\tex\latex\base\utf8.def"
File: utf8.def 2008/04/05 v1.1m UTF-8 support for inputenc
Now handling font encoding OML ...
... no UTF-8 mapping file for font encoding OML
Now handling font encoding T1 ...
... processing UTF-8 mapping file for font encoding T1

("C:\Program Files\MiKTeX 2.9\tex\latex\base\t1enc.dfu"
File: t1enc.dfu 2008/04/05 v1.1m UTF-8 support for inputenc
   defining Unicode char U+00A1 (decimal 161)
   defining Unicode char U+00A3 (decimal 163)
   defining Unicode char U+00AB (decimal 171)
   defining Unicode char U+00BB (decimal 187)
   defining Unicode char U+00BF (decimal 191)
   defining Unicode char U+00C0 (decimal 192)
   defining Unicode char U+00C1 (decimal 193)
   defining Unicode char U+00C2 (decimal 194)
   defining Unicode char U+00C3 (decimal 195)
   defining Unicode char U+00C4 (decimal 196)
   defining Unicode char U+00C5 (decimal 197)
   defining Unicode char U+00C6 (decimal 198)
   defining Unicode char U+00C7 (decimal 199)
   defining Unicode char U+00C8 (decimal 200)
   defining Unicode char U+00C9 (decimal 201)
   defining Unicode char U+00CA (decimal 202)
   defining Unicode char U+00CB (decimal 203)
   defining Unicode char U+00CC (decimal 204)
   defining Unicode char U+00CD (decimal 205)
   defining Unicode char U+00CE (decimal 206)
   defining Unicode char U+00CF (decimal 207)
   defining Unicode char U+00D0 (decimal 208)
   defining Unicode char U+00D1 (decimal 209)
   defining Unicode char U+00D2 (decimal 210)
   defining Unicode char U+00D3 (decimal 211)
   defining Unicode char U+00D4 (decimal 212)
   defining Unicode char U+00D5 (decimal 213)
   defining Unicode char U+00D6 (decimal 214)
   defining Unicode char U+00D8 (decimal 216)
   defining Unicode char U+00D9 (decimal 217)
   defining Unicode char U+00DA (decimal 218)
   defining Unicode char U+00DB (decimal 219)
   defining Unicode char U+00DC (decimal 220)
   defining Unicode char U+00DD (decimal 221)
   defining Unicode char U+00DE (decimal 222)
   defining Unicode char U+00DF (decimal 223)
   defining Unicode char U+00E0 (decimal 224)
   defining Unicode char U+00E1 (decimal 225)
   defining Unicode char U+00E2 (decimal 226)
   defining Unicode char U+00E3 (decimal 227)
   defining Unicode char U+00E4 (decimal 228)
   defining Unicode char U+00E5 (decimal 229)
   defining Unicode char U+00E6 (decimal 230)
   defining Unicode char U+00E7 (decimal 231)
   defining Unicode char U+00E8 (decimal 232)
   defining Unicode char U+00E9 (decimal 233)
   defining Unicode char U+00EA (decimal 234)
   defining Unicode char U+00EB (decimal 235)
   defining Unicode char U+00EC (decimal 236)
   defining Unicode char U+00ED (decimal 237)
   defining Unicode char U+00EE (decimal 238)
   defining Unicode char U+00EF (decimal 239)
   defining Unicode char U+00F0 (decimal 240)
   defining Unicode char U+00F1 (decimal 241)
   defining Unicode char U+00F2 (decimal 242)
   defining Unicode char U+00F3 (decimal 243)
   defining Unicode char U+00F4 (decimal 244)
   defining Unicode char U+00F5 (decimal 245)
   defining Unicode char U+00F6 (decimal 246)
   defining Unicode char U+00F8 (decimal 248)
   defining Unicode char U+00F9 (decimal 249)
   defining Unicode char U+00FA (decimal 250)
   defining Unicode char U+00FB (decimal 251)
   defining Unicode char U+00FC (decimal 252)
   defining Unicode char U+00FD (decimal 253)
   defining Unicode char U+00FE (decimal 254)
   defining Unicode char U+00FF (decimal 255)
   defining Unicode char U+0102 (decimal 258)
   defining Unicode char U+0103 (decimal 259)
   defining Unicode char U+0104 (decimal 260)
   defining Unicode char U+0105 (decimal 261)
   defining Unicode char U+0106 (decimal 262)
   defining Unicode char U+0107 (decimal 263)
   defining Unicode char U+010C (decimal 268)
   defining Unicode char U+010D (decimal 269)
   defining Unicode char U+010E (decimal 270)
   defining Unicode char U+010F (decimal 271)
   defining Unicode char U+0110 (decimal 272)
   defining Unicode char U+0111 (decimal 273)
   defining Unicode char U+0118 (decimal 280)
   defining Unicode char U+0119 (decimal 281)
   defining Unicode char U+011A (decimal 282)
   defining Unicode char U+011B (decimal 283)
   defining Unicode char U+011E (decimal 286)
   defining Unicode char U+011F (decimal 287)
   defining Unicode char U+0130 (decimal 304)
   defining Unicode char U+0131 (decimal 305)
   defining Unicode char U+0132 (decimal 306)
   defining Unicode char U+0133 (decimal 307)
   defining Unicode char U+0139 (decimal 313)
   defining Unicode char U+013A (decimal 314)
   defining Unicode char U+013D (decimal 317)
   defining Unicode char U+013E (decimal 318)
   defining Unicode char U+0141 (decimal 321)
   defining Unicode char U+0142 (decimal 322)
   defining Unicode char U+0143 (decimal 323)
   defining Unicode char U+0144 (decimal 324)
   defining Unicode char U+0147 (decimal 327)
   defining Unicode char U+0148 (decimal 328)
   defining Unicode char U+014A (decimal 330)
   defining Unicode char U+014B (decimal 331)
   defining Unicode char U+0150 (decimal 336)
   defining Unicode char U+0151 (decimal 337)
   defining Unicode char U+0152 (decimal 338)
   defining Unicode char U+0153 (decimal 339)
   defining Unicode char U+0154 (decimal 340)
   defining Unicode char U+0155 (decimal 341)
   defining Unicode char U+0158 (decimal 344)
   defining Unicode char U+0159 (decimal 345)
   defining Unicode char U+015A (decimal 346)
   defining Unicode char U+015B (decimal 347)
   defining Unicode char U+015E (decimal 350)
   defining Unicode char U+015F (decimal 351)
   defining Unicode char U+0160 (decimal 352)
   defining Unicode char U+0161 (decimal 353)
   defining Unicode char U+0162 (decimal 354)
   defining Unicode char U+0163 (decimal 355)
   defining Unicode char U+0164 (decimal 356)
   defining Unicode char U+0165 (decimal 357)
   defining Unicode char U+016E (decimal 366)
   defining Unicode char U+016F (decimal 367)
   defining Unicode char U+0170 (decimal 368)
   defining Unicode char U+0171 (decimal 369)
   defining Unicode char U+0178 (decimal 376)
   defining Unicode char U+0179 (decimal 377)
   defining Unicode char U+017A (decimal 378)
   defining Unicode char U+017B (decimal 379)
   defining Unicode char U+017C (decimal 380)
   defining Unicode char U+017D (decimal 381)
   defining Unicode char U+017E (decimal 382)
   defining Unicode char U+200C (decimal 8204)
   defining Unicode char U+2013 (decimal 8211)
   defining Unicode char U+2014 (decimal 8212)
   defining Unicode char U+2018 (decimal 8216)
   defining Unicode char U+2019 (decimal 8217)
   defining Unicode char U+201A (decimal 8218)
   defining Unicode char U+201C (decimal 8220)
   defining Unicode char U+201D (decimal 8221)
   defining Unicode char U+201E (decimal 8222)
   defining Unicode char U+2030 (decimal 8240)
   defining Unicode char U+2031 (decimal 8241)
   defining Unicode char U+2039 (decimal 8249)
   defining Unicode char U+203A (decimal 8250)
   defining Unicode char U+2423 (decimal 9251)
)
Now handling font encoding OT1 ...
... processing UTF-8 mapping file for font encoding OT1

("C:\Program Files\MiKTeX 2.9\tex\latex\base\ot1enc.dfu"
File: ot1enc.dfu 2008/04/05 v1.1m UTF-8 support for inputenc
   defining Unicode char U+00A1 (decimal 161)
   defining Unicode char U+00A3 (decimal 163)
   defining Unicode char U+00B8 (decimal 184)
   defining Unicode char U+00BF (decimal 191)
   defining Unicode char U+00C5 (decimal 197)
   defining Unicode char U+00C6 (decimal 198)
   defining Unicode char U+00D8 (decimal 216)
   defining Unicode char U+00DF (decimal 223)
   defining Unicode char U+00E6 (decimal 230)
   defining Unicode char U+00EC (decimal 236)
   defining Unicode char U+00ED (decimal 237)
   defining Unicode char U+00EE (decimal 238)
   defining Unicode char U+00EF (decimal 239)
   defining Unicode char U+00F8 (decimal 248)
   defining Unicode char U+0131 (decimal 305)
   defining Unicode char U+0141 (decimal 321)
   defining Unicode char U+0142 (decimal 322)
   defining Unicode char U+0152 (decimal 338)
   defining Unicode char U+0153 (decimal 339)
   defining Unicode char U+2013 (decimal 8211)
   defining Unicode char U+2014 (decimal 8212)
   defining Unicode char U+2018 (decimal 8216)
   defining Unicode char U+2019 (decimal 8217)
   defining Unicode char U+201C (decimal 8220)
   defining Unicode char U+201D (decimal 8221)
)
Now handling font encoding OMS ...
... processing UTF-8 mapping file for font encoding OMS

("C:\Program Files\MiKTeX 2.9\tex\latex\base\omsenc.dfu"
File: omsenc.dfu 2008/04/05 v1.1m UTF-8 support for inputenc
   defining Unicode char U+00A7 (decimal 167)
   defining Unicode char U+00B6 (decimal 182)
   defining Unicode char U+00B7 (decimal 183)
   defining Unicode char U+2020 (decimal 8224)
   defining Unicode char U+2021 (decimal 8225)
   defining Unicode char U+2022 (decimal 8226)
)
Now handling font encoding OMX ...
... no UTF-8 mapping file for font encoding OMX
Now handling font encoding U ...
... no UTF-8 mapping file for font encoding U
   defining Unicode char U+00A9 (decimal 169)
   defining Unicode char U+00AA (decimal 170)
   defining Unicode char U+00AE (decimal 174)
   defining Unicode char U+00BA (decimal 186)
   defining Unicode char U+02C6 (decimal 710)
   defining Unicode char U+02DC (decimal 732)
   defining Unicode char U+200C (decimal 8204)
   defining Unicode char U+2026 (decimal 8230)
   defining Unicode char U+2122 (decimal 8482)
   defining Unicode char U+2423 (decimal 9251)
))
("C:\Program Files\MiKTeX 2.9\tex\latex\geometry\geometry.sty"
Package: geometry 2010/09/12 v5.6 Page Geometry

("C:\Program Files\MiKTeX 2.9\tex\latex\graphics\keyval.sty"
Package: keyval 1999/03/16 v1.13 key=value parser (DPC)
\KV@toks@=\toks16
)
("C:\Program Files\MiKTeX 2.9\tex\generic\oberdiek\ifpdf.sty"
Package: ifpdf 2011/01/30 v2.3 Provides the ifpdf switch (HO)
Package ifpdf Info: pdfTeX in PDF mode is detected.
)
("C:\Program Files\MiKTeX 2.9\tex\generic\oberdiek\ifvtex.sty"
Package: ifvtex 2010/03/01 v1.5 Detect VTeX and its facilities (HO)
Package ifvtex Info: VTeX not detected.
)
("C:\Program Files\MiKTeX 2.9\tex\generic\ifxetex\ifxetex.sty"
Package: ifxetex 2010/09/12 v0.6 Provides ifxetex conditional
)
\Gm@cnth=\count87
\Gm@cntv=\count88
\c@Gm@tempcnt=\count89
\Gm@bindingoffset=\dimen103
\Gm@wd@mp=\dimen104
\Gm@odd@mp=\dimen105
\Gm@even@mp=\dimen106
\Gm@layoutwidth=\dimen107
\Gm@layoutheight=\dimen108
\Gm@layouthoffset=\dimen109
\Gm@layoutvoffset=\dimen110
\Gm@dimlist=\toks17

("C:\Program Files\MiKTeX 2.9\tex\latex\geometry\geometry.cfg"))
("C:\Program Files\MiKTeX 2.9\tex\latex\graphics\graphicx.sty"
Package: graphicx 1999/02/16 v1.0f Enhanced LaTeX Graphics (DPC,SPQR)

("C:\Program Files\MiKTeX 2.9\tex\latex\graphics\graphics.sty"
Package: graphics 2009/02/05 v1.0o Standard LaTeX Graphics (DPC,SPQR)

("C:\Program Files\MiKTeX 2.9\tex\latex\graphics\trig.sty"
Package: trig 1999/03/16 v1.09 sin cos tan (DPC)
)
("C:\Program Files\MiKTeX 2.9\tex\latex\00miktex\graphics.cfg"
File: graphics.cfg 2007/01/18 v1.5 graphics configuration of teTeX/TeXLive
)
Package graphics Info: Driver file: pdftex.def on input line 91.

("C:\Program Files\MiKTeX 2.9\tex\latex\pdftex-def\pdftex.def"
File: pdftex.def 2011/05/27 v0.06d Graphics/color for pdfTeX

("C:\Program Files\MiKTeX 2.9\tex\generic\oberdiek\infwarerr.sty"
Package: infwarerr 2010/04/08 v1.3 Providing info/warning/error messages (HO)
)
("C:\Program Files\MiKTeX 2.9\tex\generic\oberdiek\ltxcmds.sty"
Package: ltxcmds 2011/11/09 v1.22 LaTeX kernel commands for general use (HO)
)
\Gread@gobject=\count90
))
\Gin@req@height=\dimen111
\Gin@req@width=\dimen112
)
("C:\Program Files\MiKTeX 2.9\tex\latex\amsmath\amsmath.sty"
Package: amsmath 2013/01/14 v2.14 AMS math features
\@mathmargin=\skip43

For additional information on amsmath, use the `?' option.
("C:\Program Files\MiKTeX 2.9\tex\latex\amsmath\amstext.sty"
Package: amstext 2000/06/29 v2.01

("C:\Program Files\MiKTeX 2.9\tex\latex\amsmath\amsgen.sty"
File: amsgen.sty 1999/11/30 v2.0
\@emptytoks=\toks18
\ex@=\dimen113
))
("C:\Program Files\MiKTeX 2.9\tex\latex\amsmath\amsbsy.sty"
Package: amsbsy 1999/11/29 v1.2d
\pmbraise@=\dimen114
)
("C:\Program Files\MiKTeX 2.9\tex\latex\amsmath\amsopn.sty"
Package: amsopn 1999/12/14 v2.01 operator names
)
\inf@bad=\count91
LaTeX Info: Redefining \frac on input line 210.
\uproot@=\count92
\leftroot@=\count93
LaTeX Info: Redefining \overline on input line 306.
\classnum@=\count94
\DOTSCASE@=\count95
LaTeX Info: Redefining \ldots on input line 378.
LaTeX Info: Redefining \dots on input line 381.
LaTeX Info: Redefining \cdots on input line 466.
\Mathstrutbox@=\box26
\strutbox@=\box27
\big@size=\dimen115
LaTeX Font Info:    Redeclaring font encoding OML on input line 566.
LaTeX Font Info:    Redeclaring font encoding OMS on input line 567.
\macc@depth=\count96
\c@MaxMatrixCols=\count97
\dotsspace@=\muskip10
\c@parentequation=\count98
\dspbrk@lvl=\count99
\tag@help=\toks19
\row@=\count100
\column@=\count101
\maxfields@=\count102
\andhelp@=\toks20
\eqnshift@=\dimen116
\alignsep@=\dimen117
\tagshift@=\dimen118
\tagwidth@=\dimen119
\totwidth@=\dimen120
\lineht@=\dimen121
\@envbody=\toks21
\multlinegap=\skip44
\multlinetaggap=\skip45
\mathdisplay@stack=\toks22
LaTeX Info: Redefining \[ on input line 2665.
LaTeX Info: Redefining \] on input line 2666.
)
("C:\Program Files\MiKTeX 2.9\tex\latex\amsfonts\amssymb.sty"
Package: amssymb 2013/01/14 v3.01 AMS font symbols

("C:\Program Files\MiKTeX 2.9\tex\latex\amsfonts\amsfonts.sty"
Package: amsfonts 2013/01/14 v3.01 Basic AMSFonts support
\symAMSa=\mathgroup4
\symAMSb=\mathgroup5
LaTeX Font Info:    Overwriting math alphabet `\mathfrak' in version `bold'
(Font)                  U/euf/m/n --> U/euf/b/n on input line 106.
))
(C:\Users\Gabrielle\AppData\Roaming\MiKTeX\2.9\tex\latex\bbm\bbm.sty
Package: bbm 1999/03/15 V 1.2 provides fonts for set symbols - TH
LaTeX Font Info:    Overwriting math alphabet `\mathbbm' in version `bold'
(Font)                  U/bbm/m/n --> U/bbm/bx/n on input line 33.
LaTeX Font Info:    Overwriting math alphabet `\mathbbmss' in version `bold'
(Font)                  U/bbmss/m/n --> U/bbmss/bx/n on input line 35.
)
(C:\Users\Gabrielle\AppData\Roaming\MiKTeX\2.9\tex\latex\subfig\subfig.sty
Package: subfig 2005/06/28 ver: 1.3 subfig package

(C:\Users\Gabrielle\AppData\Roaming\MiKTeX\2.9\tex\latex\caption\caption.sty
Package: caption 2013/05/02 v3.3-89 Customizing captions (AR)

(C:\Users\Gabrielle\AppData\Roaming\MiKTeX\2.9\tex\latex\caption\caption3.sty
Package: caption3 2013/05/02 v1.6-88 caption3 kernel (AR)
Package caption3 Info: TeX engine: e-TeX on input line 57.
\captionmargin=\dimen122
\captionmargin@=\dimen123
\captionwidth=\dimen124
\caption@tempdima=\dimen125
\caption@indent=\dimen126
\caption@parindent=\dimen127
\caption@hangindent=\dimen128
)
\c@ContinuedFloat=\count103
)
\c@KVtest=\count104
\sf@farskip=\skip46
\sf@captopadj=\dimen129
\sf@capskip=\skip47
\sf@nearskip=\skip48
\c@subfigure=\count105
\c@subfigure@save=\count106
\c@lofdepth=\count107
\c@subtable=\count108
\c@subtable@save=\count109
\c@lotdepth=\count110
\sf@top=\skip49
\sf@bottom=\skip50
) (C:\Users\Gabrielle\AppData\Roaming\MiKTeX\2.9\tex\latex\mwe\mwe.sty
Package: mwe 2012/05/15 v0.3 Package to support minimal working examples (MWE)

(C:\Users\Gabrielle\AppData\Roaming\MiKTeX\2.9\tex\latex\lipsum\lipsum.sty
Package: lipsum 2014/07/27 v1.3 150 paragraphs of Lorem Ipsum dummy text
\c@lips@count=\count111
)
(C:\Users\Gabrielle\AppData\Roaming\MiKTeX\2.9\tex\latex\blindtext\blindtext.st
y
Package: blindtext 2012/01/06 V2.0 blindtext-Package
 ("C:\Program Files\MiKTeX 2.9\tex\latex\tools\xspace.sty"
Package: xspace 2009/10/20 v1.13 Space after command names (DPC,MH)
)
\c@blindtext=\count112
\c@Blindtext=\count113
\c@blind@countparstart=\count114
\blind@countxx=\count115
\blindtext@numBlindtext=\count116
\blind@countyy=\count117
\c@blindlist=\count118
\c@blindlistlevel=\count119
\c@blindlist@level=\count120
\blind@listitem=\count121
\c@blind@listcount=\count122
\c@blind@levelcount=\count123
\blind@mathformula=\count124
\blind@Mathformula=\count125
\c@blind@randomcount=\count126
\c@blind@randommax=\count127
\c@blind@pangramcount=\count128
\c@blind@pangrammax=\count129
))
("C:\Program Files\MiKTeX 2.9\tex\latex\oberdiek\epstopdf.sty"
Package: epstopdf 2010/02/09 v2.5 Conversion with epstopdf on the fly (HO)

("C:\Program Files\MiKTeX 2.9\tex\latex\oberdiek\epstopdf-base.sty"
Package: epstopdf-base 2010/02/09 v2.5 Base part for package epstopdf

("C:\Program Files\MiKTeX 2.9\tex\latex\oberdiek\grfext.sty"
Package: grfext 2010/08/19 v1.1 Manage graphics extensions (HO)

("C:\Program Files\MiKTeX 2.9\tex\generic\oberdiek\kvdefinekeys.sty"
Package: kvdefinekeys 2011/04/07 v1.3 Define keys (HO)
))
("C:\Program Files\MiKTeX 2.9\tex\latex\oberdiek\kvoptions.sty"
Package: kvoptions 2011/06/30 v3.11 Key value format for package options (HO)

("C:\Program Files\MiKTeX 2.9\tex\generic\oberdiek\kvsetkeys.sty"
Package: kvsetkeys 2012/04/25 v1.16 Key value parser (HO)

("C:\Program Files\MiKTeX 2.9\tex\generic\oberdiek\etexcmds.sty"
Package: etexcmds 2011/02/16 v1.5 Avoid name clashes with e-TeX commands (HO)

("C:\Program Files\MiKTeX 2.9\tex\generic\oberdiek\ifluatex.sty"
Package: ifluatex 2010/03/01 v1.3 Provides the ifluatex switch (HO)
Package ifluatex Info: LuaTeX not detected.
)
Package etexcmds Info: Could not find \expanded.
(etexcmds)             That can mean that you are not using pdfTeX 1.50 or
(etexcmds)             that some package has redefined \expanded.
(etexcmds)             In the latter case, load this package earlier.
)))
("C:\Program Files\MiKTeX 2.9\tex\generic\oberdiek\pdftexcmds.sty"
Package: pdftexcmds 2011/11/29 v0.20 Utility functions of pdfTeX for LuaTeX (HO
)
Package pdftexcmds Info: LuaTeX not detected.
Package pdftexcmds Info: \pdf@primitive is available.
Package pdftexcmds Info: \pdf@ifprimitive is available.
Package pdftexcmds Info: \pdfdraftmode found.
)
Package grfext Info: Graphics extension search list:
(grfext)             [.pdf,.png,.jpg,.mps,.jpeg,.jbig2,.jb2,.PNG,.PDF,.JPG,.JPE
G,.JBIG2,.JB2,.eps]
(grfext)             \AppendGraphicsExtensions on input line 452.
))
("C:\Program Files\MiKTeX 2.9\tex\latex\oberdiek\grffile.sty"
Package: grffile 2012/04/05 v1.16 Extended file name support for graphics (HO)
Package grffile Info: Option `multidot' is set to `true'.
Package grffile Info: Option `extendedchars' is set to `false'.
Package grffile Info: Option `space' is set to `true'.
Package grffile Info: \Gin@ii of package `graphicx' fixed on input line 486.
)
("C:\Program Files\MiKTeX 2.9\tex\latex\tools\indentfirst.sty"
Package: indentfirst 1995/11/23 v1.03 Indent first paragraph (DPC)
)
(C:\Users\Gabrielle\AppData\Roaming\MiKTeX\2.9\tex\latex\pgf\frontendlayer\tikz
.sty
(C:\Users\Gabrielle\AppData\Roaming\MiKTeX\2.9\tex\latex\pgf\basiclayer\pgf.sty

(C:\Users\Gabrielle\AppData\Roaming\MiKTeX\2.9\tex\latex\pgf\utilities\pgfrcs.s
ty
(C:\Users\Gabrielle\AppData\Roaming\MiKTeX\2.9\tex\generic\pgf\utilities\pgfuti
l-common.tex
\pgfutil@everybye=\toks23
\pgfutil@tempdima=\dimen130
\pgfutil@tempdimb=\dimen131

(C:\Users\Gabrielle\AppData\Roaming\MiKTeX\2.9\tex\generic\pgf\utilities\pgfuti
l-common-lists.tex))
(C:\Users\Gabrielle\AppData\Roaming\MiKTeX\2.9\tex\generic\pgf\utilities\pgfuti
l-latex.def
\pgfutil@abb=\box28

(C:\Users\Gabrielle\AppData\Roaming\MiKTeX\2.9\tex\latex\ms\everyshi.sty
Package: everyshi 2001/05/15 v3.00 EveryShipout Package (MS)
))
(C:\Users\Gabrielle\AppData\Roaming\MiKTeX\2.9\tex\generic\pgf\utilities\pgfrcs
.code.tex
Package: pgfrcs 2013/12/20 v3.0.0 (rcs-revision 1.28)
))
Package: pgf 2013/12/18 v3.0.0 (rcs-revision 1.14)

(C:\Users\Gabrielle\AppData\Roaming\MiKTeX\2.9\tex\latex\pgf\basiclayer\pgfcore
.sty
(C:\Users\Gabrielle\AppData\Roaming\MiKTeX\2.9\tex\latex\pgf\systemlayer\pgfsys
.sty
(C:\Users\Gabrielle\AppData\Roaming\MiKTeX\2.9\tex\generic\pgf\systemlayer\pgfs
ys.code.tex
Package: pgfsys 2013/11/30 v3.0.0 (rcs-revision 1.47)

(C:\Users\Gabrielle\AppData\Roaming\MiKTeX\2.9\tex\generic\pgf\utilities\pgfkey
s.code.tex
\pgfkeys@pathtoks=\toks24
\pgfkeys@temptoks=\toks25

(C:\Users\Gabrielle\AppData\Roaming\MiKTeX\2.9\tex\generic\pgf\utilities\pgfkey
sfiltered.code.tex
\pgfkeys@tmptoks=\toks26
))
\pgf@x=\dimen132
\pgf@y=\dimen133
\pgf@xa=\dimen134
\pgf@ya=\dimen135
\pgf@xb=\dimen136
\pgf@yb=\dimen137
\pgf@xc=\dimen138
\pgf@yc=\dimen139
\w@pgf@writea=\write3
\r@pgf@reada=\read1
\c@pgf@counta=\count130
\c@pgf@countb=\count131
\c@pgf@countc=\count132
\c@pgf@countd=\count133
\t@pgf@toka=\toks27
\t@pgf@tokb=\toks28
\t@pgf@tokc=\toks29

(C:\Users\Gabrielle\AppData\Roaming\MiKTeX\2.9\tex\generic\pgf\systemlayer\pgf.
cfg
File: pgf.cfg 2008/05/14  (rcs-revision 1.7)
)
Driver file for pgf: pgfsys-pdftex.def

(C:\Users\Gabrielle\AppData\Roaming\MiKTeX\2.9\tex\generic\pgf\systemlayer\pgfs
ys-pdftex.def
File: pgfsys-pdftex.def 2013/07/18  (rcs-revision 1.33)

(C:\Users\Gabrielle\AppData\Roaming\MiKTeX\2.9\tex\generic\pgf\systemlayer\pgfs
ys-common-pdf.def
File: pgfsys-common-pdf.def 2013/10/10  (rcs-revision 1.13)
)))
(C:\Users\Gabrielle\AppData\Roaming\MiKTeX\2.9\tex\generic\pgf\systemlayer\pgfs
yssoftpath.code.tex
File: pgfsyssoftpath.code.tex 2013/09/09  (rcs-revision 1.9)
\pgfsyssoftpath@smallbuffer@items=\count134
\pgfsyssoftpath@bigbuffer@items=\count135
)
(C:\Users\Gabrielle\AppData\Roaming\MiKTeX\2.9\tex\generic\pgf\systemlayer\pgfs
ysprotocol.code.tex
File: pgfsysprotocol.code.tex 2006/10/16  (rcs-revision 1.4)
))
(C:\Users\Gabrielle\AppData\Roaming\MiKTeX\2.9\tex\latex\xcolor\xcolor.sty
Package: xcolor 2007/01/21 v2.11 LaTeX color extensions (UK)

("C:\Program Files\MiKTeX 2.9\tex\latex\00miktex\color.cfg"
File: color.cfg 2007/01/18 v1.5 color configuration of teTeX/TeXLive
)
Package xcolor Info: Driver file: pdftex.def on input line 225.
Package xcolor Info: Model `cmy' substituted by `cmy0' on input line 1337.
Package xcolor Info: Model `hsb' substituted by `rgb' on input line 1341.
Package xcolor Info: Model `RGB' extended on input line 1353.
Package xcolor Info: Model `HTML' substituted by `rgb' on input line 1355.
Package xcolor Info: Model `Hsb' substituted by `hsb' on input line 1356.
Package xcolor Info: Model `tHsb' substituted by `hsb' on input line 1357.
Package xcolor Info: Model `HSB' substituted by `hsb' on input line 1358.
Package xcolor Info: Model `Gray' substituted by `gray' on input line 1359.
Package xcolor Info: Model `wave' substituted by `hsb' on input line 1360.
)
(C:\Users\Gabrielle\AppData\Roaming\MiKTeX\2.9\tex\generic\pgf\basiclayer\pgfco
re.code.tex
Package: pgfcore 2010/04/11 v3.0.0 (rcs-revision 1.7)

(C:\Users\Gabrielle\AppData\Roaming\MiKTeX\2.9\tex\generic\pgf\math\pgfmath.cod
e.tex
(C:\Users\Gabrielle\AppData\Roaming\MiKTeX\2.9\tex\generic\pgf\math\pgfmathcalc
.code.tex
(C:\Users\Gabrielle\AppData\Roaming\MiKTeX\2.9\tex\generic\pgf\math\pgfmathutil
.code.tex)
(C:\Users\Gabrielle\AppData\Roaming\MiKTeX\2.9\tex\generic\pgf\math\pgfmathpars
er.code.tex
\pgfmath@dimen=\dimen140
\pgfmath@count=\count136
\pgfmath@box=\box29
\pgfmath@toks=\toks30
\pgfmath@stack@operand=\toks31
\pgfmath@stack@operation=\toks32
)
(C:\Users\Gabrielle\AppData\Roaming\MiKTeX\2.9\tex\generic\pgf\math\pgfmathfunc
tions.code.tex
(C:\Users\Gabrielle\AppData\Roaming\MiKTeX\2.9\tex\generic\pgf\math\pgfmathfunc
tions.basic.code.tex)
(C:\Users\Gabrielle\AppData\Roaming\MiKTeX\2.9\tex\generic\pgf\math\pgfmathfunc
tions.trigonometric.code.tex)
(C:\Users\Gabrielle\AppData\Roaming\MiKTeX\2.9\tex\generic\pgf\math\pgfmathfunc
tions.random.code.tex)
(C:\Users\Gabrielle\AppData\Roaming\MiKTeX\2.9\tex\generic\pgf\math\pgfmathfunc
tions.comparison.code.tex)
(C:\Users\Gabrielle\AppData\Roaming\MiKTeX\2.9\tex\generic\pgf\math\pgfmathfunc
tions.base.code.tex)
(C:\Users\Gabrielle\AppData\Roaming\MiKTeX\2.9\tex\generic\pgf\math\pgfmathfunc
tions.round.code.tex)
(C:\Users\Gabrielle\AppData\Roaming\MiKTeX\2.9\tex\generic\pgf\math\pgfmathfunc
tions.misc.code.tex)
(C:\Users\Gabrielle\AppData\Roaming\MiKTeX\2.9\tex\generic\pgf\math\pgfmathfunc
tions.integerarithmetics.code.tex)))
(C:\Users\Gabrielle\AppData\Roaming\MiKTeX\2.9\tex\generic\pgf\math\pgfmathfloa
t.code.tex
\c@pgfmathroundto@lastzeros=\count137
))
(C:\Users\Gabrielle\AppData\Roaming\MiKTeX\2.9\tex\generic\pgf\basiclayer\pgfco
repoints.code.tex
File: pgfcorepoints.code.tex 2013/10/07  (rcs-revision 1.27)
\pgf@picminx=\dimen141
\pgf@picmaxx=\dimen142
\pgf@picminy=\dimen143
\pgf@picmaxy=\dimen144
\pgf@pathminx=\dimen145
\pgf@pathmaxx=\dimen146
\pgf@pathminy=\dimen147
\pgf@pathmaxy=\dimen148
\pgf@xx=\dimen149
\pgf@xy=\dimen150
\pgf@yx=\dimen151
\pgf@yy=\dimen152
\pgf@zx=\dimen153
\pgf@zy=\dimen154
)
(C:\Users\Gabrielle\AppData\Roaming\MiKTeX\2.9\tex\generic\pgf\basiclayer\pgfco
repathconstruct.code.tex
File: pgfcorepathconstruct.code.tex 2013/10/07  (rcs-revision 1.29)
\pgf@path@lastx=\dimen155
\pgf@path@lasty=\dimen156
)
(C:\Users\Gabrielle\AppData\Roaming\MiKTeX\2.9\tex\generic\pgf\basiclayer\pgfco
repathusage.code.tex
File: pgfcorepathusage.code.tex 2013/12/13  (rcs-revision 1.23)
\pgf@shorten@end@additional=\dimen157
\pgf@shorten@start@additional=\dimen158
)
(C:\Users\Gabrielle\AppData\Roaming\MiKTeX\2.9\tex\generic\pgf\basiclayer\pgfco
rescopes.code.tex
File: pgfcorescopes.code.tex 2013/10/09  (rcs-revision 1.44)
\pgfpic=\box30
\pgf@hbox=\box31
\pgf@layerbox@main=\box32
\pgf@picture@serial@count=\count138
)
(C:\Users\Gabrielle\AppData\Roaming\MiKTeX\2.9\tex\generic\pgf\basiclayer\pgfco
regraphicstate.code.tex
File: pgfcoregraphicstate.code.tex 2013/09/19  (rcs-revision 1.11)
\pgflinewidth=\dimen159
)
(C:\Users\Gabrielle\AppData\Roaming\MiKTeX\2.9\tex\generic\pgf\basiclayer\pgfco
retransformations.code.tex
File: pgfcoretransformations.code.tex 2013/10/10  (rcs-revision 1.17)
\pgf@pt@x=\dimen160
\pgf@pt@y=\dimen161
\pgf@pt@temp=\dimen162
)
(C:\Users\Gabrielle\AppData\Roaming\MiKTeX\2.9\tex\generic\pgf\basiclayer\pgfco
requick.code.tex
File: pgfcorequick.code.tex 2008/10/09  (rcs-revision 1.3)
)
(C:\Users\Gabrielle\AppData\Roaming\MiKTeX\2.9\tex\generic\pgf\basiclayer\pgfco
reobjects.code.tex
File: pgfcoreobjects.code.tex 2006/10/11  (rcs-revision 1.2)
)
(C:\Users\Gabrielle\AppData\Roaming\MiKTeX\2.9\tex\generic\pgf\basiclayer\pgfco
repathprocessing.code.tex
File: pgfcorepathprocessing.code.tex 2013/09/09  (rcs-revision 1.9)
)
(C:\Users\Gabrielle\AppData\Roaming\MiKTeX\2.9\tex\generic\pgf\basiclayer\pgfco
rearrows.code.tex
File: pgfcorearrows.code.tex 2013/11/07  (rcs-revision 1.40)
\pgfarrowsep=\dimen163
)
(C:\Users\Gabrielle\AppData\Roaming\MiKTeX\2.9\tex\generic\pgf\basiclayer\pgfco
reshade.code.tex
File: pgfcoreshade.code.tex 2013/07/15  (rcs-revision 1.15)
\pgf@max=\dimen164
\pgf@sys@shading@range@num=\count139
)
(C:\Users\Gabrielle\AppData\Roaming\MiKTeX\2.9\tex\generic\pgf\basiclayer\pgfco
reimage.code.tex
File: pgfcoreimage.code.tex 2013/07/15  (rcs-revision 1.18)

(C:\Users\Gabrielle\AppData\Roaming\MiKTeX\2.9\tex\generic\pgf\basiclayer\pgfco
reexternal.code.tex
File: pgfcoreexternal.code.tex 2013/07/15  (rcs-revision 1.20)
\pgfexternal@startupbox=\box33
))
(C:\Users\Gabrielle\AppData\Roaming\MiKTeX\2.9\tex\generic\pgf\basiclayer\pgfco
relayers.code.tex
File: pgfcorelayers.code.tex 2013/07/18  (rcs-revision 1.7)
)
(C:\Users\Gabrielle\AppData\Roaming\MiKTeX\2.9\tex\generic\pgf\basiclayer\pgfco
retransparency.code.tex
File: pgfcoretransparency.code.tex 2013/09/30  (rcs-revision 1.5)
)
(C:\Users\Gabrielle\AppData\Roaming\MiKTeX\2.9\tex\generic\pgf\basiclayer\pgfco
repatterns.code.tex
File: pgfcorepatterns.code.tex 2013/11/07  (rcs-revision 1.5)
)))
(C:\Users\Gabrielle\AppData\Roaming\MiKTeX\2.9\tex\generic\pgf\modules\pgfmodul
eshapes.code.tex
File: pgfmoduleshapes.code.tex 2013/10/31  (rcs-revision 1.34)
\pgfnodeparttextbox=\box34
)
(C:\Users\Gabrielle\AppData\Roaming\MiKTeX\2.9\tex\generic\pgf\modules\pgfmodul
eplot.code.tex
File: pgfmoduleplot.code.tex 2013/07/31  (rcs-revision 1.12)
)
(C:\Users\Gabrielle\AppData\Roaming\MiKTeX\2.9\tex\latex\pgf\compatibility\pgfc
omp-version-0-65.sty
Package: pgfcomp-version-0-65 2007/07/03 v3.0.0 (rcs-revision 1.7)
\pgf@nodesepstart=\dimen165
\pgf@nodesepend=\dimen166
)
(C:\Users\Gabrielle\AppData\Roaming\MiKTeX\2.9\tex\latex\pgf\compatibility\pgfc
omp-version-1-18.sty
Package: pgfcomp-version-1-18 2007/07/23 v3.0.0 (rcs-revision 1.1)
))
(C:\Users\Gabrielle\AppData\Roaming\MiKTeX\2.9\tex\latex\pgf\utilities\pgffor.s
ty
(C:\Users\Gabrielle\AppData\Roaming\MiKTeX\2.9\tex\latex\pgf\utilities\pgfkeys.
sty
(C:\Users\Gabrielle\AppData\Roaming\MiKTeX\2.9\tex\generic\pgf\utilities\pgfkey
s.code.tex))
(C:\Users\Gabrielle\AppData\Roaming\MiKTeX\2.9\tex\latex\pgf\math\pgfmath.sty
(C:\Users\Gabrielle\AppData\Roaming\MiKTeX\2.9\tex\generic\pgf\math\pgfmath.cod
e.tex))
(C:\Users\Gabrielle\AppData\Roaming\MiKTeX\2.9\tex\generic\pgf\utilities\pgffor
.code.tex
Package: pgffor 2013/12/13 v3.0.0 (rcs-revision 1.25)

(C:\Users\Gabrielle\AppData\Roaming\MiKTeX\2.9\tex\generic\pgf\math\pgfmath.cod
e.tex)
\pgffor@iter=\dimen167
\pgffor@skip=\dimen168
\pgffor@stack=\toks33
\pgffor@toks=\toks34
))
(C:\Users\Gabrielle\AppData\Roaming\MiKTeX\2.9\tex\generic\pgf\frontendlayer\ti
kz\tikz.code.tex
Package: tikz 2013/12/13 v3.0.0 (rcs-revision 1.142)

(C:\Users\Gabrielle\AppData\Roaming\MiKTeX\2.9\tex\generic\pgf\libraries\pgflib
raryplothandlers.code.tex
File: pgflibraryplothandlers.code.tex 2013/08/31 v3.0.0 (rcs-revision 1.20)
\pgf@plot@mark@count=\count140
\pgfplotmarksize=\dimen169
)
\tikz@lastx=\dimen170
\tikz@lasty=\dimen171
\tikz@lastxsaved=\dimen172
\tikz@lastysaved=\dimen173
\tikzleveldistance=\dimen174
\tikzsiblingdistance=\dimen175
\tikz@figbox=\box35
\tikz@figbox@bg=\box36
\tikz@tempbox=\box37
\tikz@tempbox@bg=\box38
\tikztreelevel=\count141
\tikznumberofchildren=\count142
\tikznumberofcurrentchild=\count143
\tikz@fig@count=\count144

(C:\Users\Gabrielle\AppData\Roaming\MiKTeX\2.9\tex\generic\pgf\modules\pgfmodul
ematrix.code.tex
File: pgfmodulematrix.code.tex 2013/09/17  (rcs-revision 1.8)
\pgfmatrixcurrentrow=\count145
\pgfmatrixcurrentcolumn=\count146
\pgf@matrix@numberofcolumns=\count147
)
\tikz@expandcount=\count148

(C:\Users\Gabrielle\AppData\Roaming\MiKTeX\2.9\tex\generic\pgf\frontendlayer\ti
kz\libraries\tikzlibrarytopaths.code.tex
File: tikzlibrarytopaths.code.tex 2008/06/17 v3.0.0 (rcs-revision 1.2)
)))
(C:\Users\Gabrielle\AppData\Roaming\MiKTeX\2.9\tex\latex\tikzscale\tikzscale.st
y
Package: tikzscale 2013/05/22 v0.2.6 tikzscale LaTeX package

(C:\Users\Gabrielle\AppData\Roaming\MiKTeX\2.9\tex\latex\etoolbox\etoolbox.sty
Package: etoolbox 2015/03/19 v2.1d e-TeX tools for LaTeX (JAW)

("C:\Program Files\MiKTeX 2.9\tex\latex\misc\etex.sty"
Package: etex 1998/03/26 v2.0 eTeX basic definition package (PEB)
\et@xins=\count149
)
\etb@tempcnta=\count150
)
(C:\Users\Gabrielle\AppData\Roaming\MiKTeX\2.9\tex\latex\l3packages\xparse\xpar
se.sty
(C:\Users\Gabrielle\AppData\Roaming\MiKTeX\2.9\tex\latex\l3kernel\expl3.sty
Package: expl3 2015/03/01 v5547 L3 programming layer (loader) 

(C:\Users\Gabrielle\AppData\Roaming\MiKTeX\2.9\tex\latex\l3kernel\expl3-code.te
x
Package: expl3 2015/03/01 v5547 L3 programming layer (code) 
L3 Module: l3bootstrap 2015/02/28 v5542 L3 Bootstrap code
L3 Module: l3names 2015/02/24 v5535 L3 Namespace for primitives
L3 Module: l3basics 2015/01/27 v5500 L3 Basic definitions
L3 Module: l3expan 2014/11/27 v5472 L3 Argument expansion
L3 Module: l3tl 2015/01/27 v5500 L3 Token lists
L3 Module: l3str 2015/03/01 v5545 L3 Strings
L3 Module: l3seq 2014/08/23 v5354 L3 Sequences and stacks
L3 Module: l3int 2015/02/21 v5529 L3 Integers
\c_max_int=\count151
\l_tmpa_int=\count152
\l_tmpb_int=\count153
\g_tmpa_int=\count154
\g_tmpb_int=\count155
L3 Module: l3quark 2014/08/23 v5354 L3 Quarks
L3 Module: l3prg 2014/08/23 v5354 L3 Control structures
\g__prg_map_int=\count156
L3 Module: l3clist 2014/08/23 v5354 L3 Comma separated lists
L3 Module: l3token 2014/09/15 v5422 L3 Experimental token manipulation
L3 Module: l3prop 2014/08/23 v5354 L3 Property lists
L3 Module: l3msg 2015/02/26 v5537 L3 Messages
L3 Module: l3file 2014/08/24 v5369 L3 File and I/O operations
\l_iow_line_count_int=\count157
\l__iow_target_count_int=\count158
\l__iow_current_line_int=\count159
\l__iow_current_word_int=\count160
\l__iow_current_indentation_int=\count161
L3 Module: l3skip 2014/08/23 v5354 L3 Dimensions and skips
\c_zero_dim=\dimen176
\c_max_dim=\dimen177
\l_tmpa_dim=\dimen178
\l_tmpb_dim=\dimen179
\g_tmpa_dim=\dimen180
\g_tmpb_dim=\dimen181
\c_zero_skip=\skip51
\c_max_skip=\skip52
\l_tmpa_skip=\skip53
\l_tmpb_skip=\skip54
\g_tmpa_skip=\skip55
\g_tmpb_skip=\skip56
\c_zero_muskip=\muskip11
\c_max_muskip=\muskip12
\l_tmpa_muskip=\muskip13
\l_tmpb_muskip=\muskip14
\g_tmpa_muskip=\muskip15
\g_tmpb_muskip=\muskip16
L3 Module: l3keys 2015/01/27 v5500 L3 Key-value interfaces
\g__keyval_level_int=\count162
\l_keys_choice_int=\count163
L3 Module: l3fp 2014/08/22 v5336 L3 Floating points
\c__fp_leading_shift_int=\count164
\c__fp_middle_shift_int=\count165
\c__fp_trailing_shift_int=\count166
\c__fp_big_leading_shift_int=\count167
\c__fp_big_middle_shift_int=\count168
\c__fp_big_trailing_shift_int=\count169
\c__fp_Bigg_leading_shift_int=\count170
\c__fp_Bigg_middle_shift_int=\count171
\c__fp_Bigg_trailing_shift_int=\count172
L3 Module: l3box 2014/08/23 v5354 L3 Experimental boxes
\c_empty_box=\box39
\l_tmpa_box=\box40
\l_tmpb_box=\box41
\g_tmpa_box=\box42
\g_tmpb_box=\box43
L3 Module: l3coffins 2014/08/23 v5354 L3 Coffin code layer
\l__coffin_internal_box=\box44
\l__coffin_internal_dim=\dimen182
\l__coffin_offset_x_dim=\dimen183
\l__coffin_offset_y_dim=\dimen184
\l__coffin_x_dim=\dimen185
\l__coffin_y_dim=\dimen186
\l__coffin_x_prime_dim=\dimen187
\l__coffin_y_prime_dim=\dimen188
\c_empty_coffin=\box45
\l__coffin_aligned_coffin=\box46
\l__coffin_aligned_internal_coffin=\box47
\l_tmpa_coffin=\box48
\l_tmpb_coffin=\box49
\l__coffin_display_coffin=\box50
\l__coffin_display_coord_coffin=\box51
\l__coffin_display_pole_coffin=\box52
\l__coffin_display_offset_dim=\dimen189
\l__coffin_display_x_dim=\dimen190
\l__coffin_display_y_dim=\dimen191
L3 Module: l3color 2014/08/23 v5354 L3 Experimental color support
L3 Module: l3candidates 2015/03/01 v5544 L3 Experimental additions to l3kernel
\l__box_top_dim=\dimen192
\l__box_bottom_dim=\dimen193
\l__box_left_dim=\dimen194
\l__box_right_dim=\dimen195
\l__box_top_new_dim=\dimen196
\l__box_bottom_new_dim=\dimen197
\l__box_left_new_dim=\dimen198
\l__box_right_new_dim=\dimen199
\l__box_internal_box=\box53
\l__coffin_bounding_shift_dim=\dimen200
\l__coffin_left_corner_dim=\dimen201
Normal \dimen register pool exhausted, switching to extended pool.
\l__coffin_right_corner_dim=\dimen256
\l__coffin_bottom_corner_dim=\dimen257
\l__coffin_top_corner_dim=\dimen258
\l__coffin_scaled_total_height_dim=\dimen259
\l__coffin_scaled_width_dim=\dimen260
)
(C:\Users\Gabrielle\AppData\Roaming\MiKTeX\2.9\tex\latex\l3kernel\l3unicode-dat
a.def
File: l3unicode-data.def 2015/03/01 v5544 L3 Unicode data
)
(C:\Users\Gabrielle\AppData\Roaming\MiKTeX\2.9\tex\latex\l3kernel\l3pdfmode.def
File: l3pdfmode.def 2015/03/01 v5544 L3 Experimental driver: PDF mode
\l__driver_color_stack_int=\count173
))
Package: xparse 2014/11/25 v5471 L3 Experimental document command parser
\l__xparse_current_arg_int=\count174
\l__xparse_m_args_int=\count175
\l__xparse_mandatory_args_int=\count176
\l__xparse_processor_int=\count177
\l__xparse_v_nesting_int=\count178
) ("C:\Program Files\MiKTeX 2.9\tex\latex\oberdiek\letltxmacro.sty"
Package: letltxmacro 2010/09/02 v1.4 Let assignment for LaTeX macros (HO)
)
(C:\Users\Gabrielle\AppData\Roaming\MiKTeX\2.9\tex\latex\xstring\xstring.sty
(C:\Users\Gabrielle\AppData\Roaming\MiKTeX\2.9\tex\generic\xstring\xstring.tex
\@xs@message=\write4
\integerpart=\count179
\decimalpart=\count180
)
Package: xstring 2013/10/13  v1.7c  String manipulations (C Tellechea)
)
.................................................
. LaTeX info: "xparse/define-command"
. 
. Defining command \tikzscale@forGroupListElement with sig.
. 'mgu{\tikzscale@endList }' on line 65.
.................................................
.................................................
. LaTeX info: "xparse/define-command"
. 
. Defining command \elseif with sig. 'mm' on line 88.
.................................................
.................................................
. LaTeX info: "xparse/define-command"
. 
. Defining command \elseif@optional with sig. 'gg' on line 102.
.................................................
.................................................
. LaTeX info: "xparse/define-command"
. 
. Defining command \elseif@absorb with sig. 'g' on line 107.
.................................................
.................................................
. LaTeX info: "xparse/define-command"
. 
. Defining command \IfNoValueOrSplitEmptyTF with sig. 'mmm' on line 115.
.................................................
.................................................
. LaTeX info: "xparse/define-command"
. 
. Defining command \tikzscale@includegraphics with sig. 'O{}m' on line 186.
.................................................
.................................................
. LaTeX info: "xparse/define-command"
. 
. Defining command \tikzscale@findExactFileName with sig. 'mm' on line 232.
.................................................
.................................................
. LaTeX info: "xparse/define-command"
. 
. Defining command \tikzscale@setGraphicsPath with sig. '' on line 250.
.................................................
.................................................
. LaTeX info: "xparse/define-command"
. 
. Defining command \tikzscale@isTikzFile with sig. 'mm' on line 260.
.................................................
.................................................
. LaTeX info: "xparse/define-command"
. 
. Defining command \tikzscale@includetikzWithExternalization with sig. 'm' on
. line 314.
.................................................
.................................................
. LaTeX info: "xparse/define-command"
. 
. Defining command \tikzscale@checkRequestedSizeChanges with sig. '' on line
. 350.
.................................................
.................................................
. LaTeX info: "xparse/define-command"
. 
. Defining command \tikzscale@preparePlot with sig. '' on line 353.
.................................................
.................................................
. LaTeX info: "xparse/define-command"
. 
. Defining command \tikzscale@prepareTikzpicture with sig. '' on line 356.
.................................................
.................................................
. LaTeX info: "xparse/define-command"
. 
. Defining command \tikzscale@includeNormalTikzpicture with sig. 'm' on line
. 368.
.................................................
.................................................
. LaTeX info: "xparse/define-command"
. 
. Defining command \tikzscale@invalidKeyError with sig. 'm' on line 371.
.................................................
.................................................
. LaTeX info: "xparse/define-command"
. 
. Defining command \tikzscale@includeAxisRatio with sig. 'm' on line 387.
.................................................
.................................................
. LaTeX info: "xparse/define-command"
. 
. Defining command \tikzscale@scaleTikzpictureTo with sig. 'mmm' on line 419.
.................................................
.................................................
. LaTeX info: "xparse/define-command"
. 
. Defining command \tikzscale@resizePlotTo with sig. 'm' on line 475.
.................................................
.................................................
. LaTeX info: "xparse/define-command"
. 
. Defining command \tikzscale@resizePlotWithAxesRatioTo with sig. 'mmmm' on
. line 517.
.................................................
\tikzscale@measuredSize=\box54
.................................................
. LaTeX info: "xparse/define-command"
. 
. Defining command \tikzscale@conditionalDisableExternalization with sig. ''
. on line 552.
.................................................
.................................................
. LaTeX info: "xparse/define-command"
. 
. Defining command \tikzscale@conditionalEnableExternalization with sig. 'm'
. on line 564.
.................................................
)
(C:\Users\Gabrielle\AppData\Roaming\MiKTeX\2.9\tex\latex\pgfplots\pgfplots.sty
(C:\Users\Gabrielle\AppData\Roaming\MiKTeX\2.9\tex\generic\pgfplots\pgfplots.re
vision.tex)
Package: pgfplots 2015/01/31 v1.12 Data Visualization (1.12)

(C:\Users\Gabrielle\AppData\Roaming\MiKTeX\2.9\tex\generic\pgfplots\pgfplots.co
de.tex
(C:\Users\Gabrielle\AppData\Roaming\MiKTeX\2.9\tex\generic\pgfplots\pgfplotscor
e.code.tex
\t@pgfplots@toka=\toks35
\t@pgfplots@tokb=\toks36
\t@pgfplots@tokc=\toks37
\pgfplots@tmpa=\dimen261
\c@pgfplots@coordindex=\count181
\c@pgfplots@scanlineindex=\count182

(C:\Users\Gabrielle\AppData\Roaming\MiKTeX\2.9\tex\generic\pgfplots\sys\pgfplot
ssysgeneric.code.tex))
(C:\Users\Gabrielle\AppData\Roaming\MiKTeX\2.9\tex\generic\pgfplots\libs\pgfplo
tslibrary.code.tex)
(C:\Users\Gabrielle\AppData\Roaming\MiKTeX\2.9\tex\generic\pgfplots\oldpgfcompa
tib\pgfplotsoldpgfsupp_loader.code.tex
(C:\Users\Gabrielle\AppData\Roaming\MiKTeX\2.9\tex\generic\pgf\libraries\pgflib
raryfpu.code.tex)
Package pgfplots: loading complementary arithmetics for your pgf version...

(C:\Users\Gabrielle\AppData\Roaming\MiKTeX\2.9\tex\generic\pgfplots\oldpgfcompa
tib\pgfplotsoldpgfsupp_pgflibraryfpu.code.tex)
(C:\Users\Gabrielle\AppData\Roaming\MiKTeX\2.9\tex\generic\pgfplots\oldpgfcompa
tib\pgfplotsoldpgfsupp_pgfmathfloat.code.tex
\c@pgfmathroundto@lastzeros=\count183
)
(C:\Users\Gabrielle\AppData\Roaming\MiKTeX\2.9\tex\generic\pgfplots\oldpgfcompa
tib\pgfplotsoldpgfsupp_trig_format.code.tex))
(C:\Users\Gabrielle\AppData\Roaming\MiKTeX\2.9\tex\generic\pgfplots\util\pgfplo
tsutil.code.tex
(C:\Users\Gabrielle\AppData\Roaming\MiKTeX\2.9\tex\generic\pgfplots\liststructu
re\pgfplotsliststructure.code.tex)
(C:\Users\Gabrielle\AppData\Roaming\MiKTeX\2.9\tex\generic\pgfplots\liststructu
re\pgfplotsliststructureext.code.tex)
(C:\Users\Gabrielle\AppData\Roaming\MiKTeX\2.9\tex\generic\pgfplots\liststructu
re\pgfplotsarray.code.tex
\c@pgfplotsarray@tmp=\count184
)
(C:\Users\Gabrielle\AppData\Roaming\MiKTeX\2.9\tex\generic\pgfplots\liststructu
re\pgfplotsmatrix.code.tex)
(C:\Users\Gabrielle\AppData\Roaming\MiKTeX\2.9\tex\generic\pgfplots\numtable\pg
fplotstableshared.code.tex
\c@pgfplotstable@counta=\count185
\t@pgfplotstable@a=\toks38
)
(C:\Users\Gabrielle\AppData\Roaming\MiKTeX\2.9\tex\generic\pgfplots\liststructu
re\pgfplotsdeque.code.tex)
(C:\Users\Gabrielle\AppData\Roaming\MiKTeX\2.9\tex\generic\pgfplots\util\pgfplo
tsbinary.code.tex
(C:\Users\Gabrielle\AppData\Roaming\MiKTeX\2.9\tex\generic\pgfplots\util\pgfplo
tsbinary.data.code.tex))
(C:\Users\Gabrielle\AppData\Roaming\MiKTeX\2.9\tex\generic\pgfplots\util\pgfplo
tsutil.verb.code.tex)
(C:\Users\Gabrielle\AppData\Roaming\MiKTeX\2.9\tex\generic\pgfplots\libs\pgflib
rarypgfplots.surfshading.code.tex
\c@pgfplotslibrarysurf@no=\count186

(C:\Users\Gabrielle\AppData\Roaming\MiKTeX\2.9\tex\generic\pgfplots\sys\pgflibr
arypgfplots.surfshading.pgfsys-pdftex.def)))
(C:\Users\Gabrielle\AppData\Roaming\MiKTeX\2.9\tex\generic\pgfplots\util\pgfplo
tscolormap.code.tex
(C:\Users\Gabrielle\AppData\Roaming\MiKTeX\2.9\tex\generic\pgfplots\util\pgfplo
tscolor.code.tex))
(C:\Users\Gabrielle\AppData\Roaming\MiKTeX\2.9\tex\generic\pgfplots\pgfplotssta
ckedplots.code.tex)
(C:\Users\Gabrielle\AppData\Roaming\MiKTeX\2.9\tex\generic\pgfplots\pgfplotsplo
thandlers.code.tex
(C:\Users\Gabrielle\AppData\Roaming\MiKTeX\2.9\tex\generic\pgfplots\pgfplotsmes
hplothandler.code.tex))
(C:\Users\Gabrielle\AppData\Roaming\MiKTeX\2.9\tex\generic\pgfplots\pgfplots.sc
aling.code.tex)
(C:\Users\Gabrielle\AppData\Roaming\MiKTeX\2.9\tex\generic\pgfplots\pgfplotscoo
rdprocessing.code.tex)
(C:\Users\Gabrielle\AppData\Roaming\MiKTeX\2.9\tex\generic\pgfplots\pgfplots.er
rorbars.code.tex)
(C:\Users\Gabrielle\AppData\Roaming\MiKTeX\2.9\tex\generic\pgfplots\pgfplots.ma
rkers.code.tex)
(C:\Users\Gabrielle\AppData\Roaming\MiKTeX\2.9\tex\generic\pgfplots\pgfplotstic
ks.code.tex)
(C:\Users\Gabrielle\AppData\Roaming\MiKTeX\2.9\tex\generic\pgfplots\pgfplots.pa
ths.code.tex)
(C:\Users\Gabrielle\AppData\Roaming\MiKTeX\2.9\tex\generic\pgf\frontendlayer\ti
kz\libraries\tikzlibrarydecorations.code.tex
(C:\Users\Gabrielle\AppData\Roaming\MiKTeX\2.9\tex\generic\pgf\modules\pgfmodul
edecorations.code.tex
\pgfdecoratedcompleteddistance=\dimen262
\pgfdecoratedremainingdistance=\dimen263
\pgfdecoratedinputsegmentcompleteddistance=\dimen264
\pgfdecoratedinputsegmentremainingdistance=\dimen265
\pgf@decorate@distancetomove=\dimen266
\pgf@decorate@repeatstate=\count187
\pgfdecorationsegmentamplitude=\dimen267
\pgfdecorationsegmentlength=\dimen268
)
\tikz@lib@dec@box=\box55
)
(C:\Users\Gabrielle\AppData\Roaming\MiKTeX\2.9\tex\generic\pgf\frontendlayer\ti
kz\libraries\tikzlibrarydecorations.pathmorphing.code.tex
(C:\Users\Gabrielle\AppData\Roaming\MiKTeX\2.9\tex\generic\pgf\libraries\decora
tions\pgflibrarydecorations.pathmorphing.code.tex))
(C:\Users\Gabrielle\AppData\Roaming\MiKTeX\2.9\tex\generic\pgf\frontendlayer\ti
kz\libraries\tikzlibrarydecorations.pathreplacing.code.tex
(C:\Users\Gabrielle\AppData\Roaming\MiKTeX\2.9\tex\generic\pgf\libraries\decora
tions\pgflibrarydecorations.pathreplacing.code.tex))
\pgfplots@numplots=\count188
\pgfplots@xmin@reg=\dimen269
\pgfplots@xmax@reg=\dimen270
\pgfplots@ymin@reg=\dimen271
\pgfplots@ymax@reg=\dimen272
\pgfplots@zmin@reg=\dimen273
\pgfplots@zmax@reg=\dimen274
)
(C:\Users\Gabrielle\AppData\Roaming\MiKTeX\2.9\tex\generic\pgf\frontendlayer\ti
kz\libraries\tikzlibraryplotmarks.code.tex
File: tikzlibraryplotmarks.code.tex 2008/01/09 v3.0.0 (rcs-revision 1.1)

(C:\Users\Gabrielle\AppData\Roaming\MiKTeX\2.9\tex\generic\pgf\libraries\pgflib
raryplotmarks.code.tex
File: pgflibraryplotmarks.code.tex 2013/07/20 v3.0.0 (rcs-revision 1.13)
)))
(C:\Users\Gabrielle\AppData\Roaming\MiKTeX\2.9\tex\latex\booktabs\booktabs.sty
Package: booktabs 2005/04/14 v1.61803 publication quality tables
\heavyrulewidth=\dimen275
\lightrulewidth=\dimen276
\cmidrulewidth=\dimen277
\belowrulesep=\dimen278
\belowbottomsep=\dimen279
\aboverulesep=\dimen280
\abovetopsep=\dimen281
\cmidrulesep=\dimen282
\cmidrulekern=\dimen283
\defaultaddspace=\dimen284
\@cmidla=\count189
\@cmidlb=\count190
\@aboverulesep=\dimen285
\@belowrulesep=\dimen286
\@thisruleclass=\count191
\@lastruleclass=\count192
\@thisrulewidth=\dimen287
) ("C:\Program Files\MiKTeX 2.9\tex\latex\tools\array.sty"
Package: array 2008/09/09 v2.4c Tabular extension package (FMi)
\col@sep=\dimen288
\extrarowheight=\dimen289
\NC@list=\toks39
\extratabsurround=\skip57
\backup@length=\skip58
)
(C:\Users\Gabrielle\AppData\Roaming\MiKTeX\2.9\tex\latex\paralist\paralist.sty
Package: paralist 2013/06/09 v2.4 Extended list environments
\pltopsep=\skip59
\plpartopsep=\skip60
\plitemsep=\skip61
\plparsep=\skip62
\pl@lab=\toks40
) ("C:\Program Files\MiKTeX 2.9\tex\latex\tools\verbatim.sty"
Package: verbatim 2003/08/22 v1.5q LaTeX2e package for verbatim enhancements
\every@verbatim=\toks41
\verbatim@line=\toks42
\verbatim@in@stream=\read2
)
(C:\Users\Gabrielle\AppData\Roaming\MiKTeX\2.9\tex\latex\fancyhdr\fancyhdr.sty
\fancy@headwidth=\skip63
\f@ncyO@elh=\skip64
\f@ncyO@erh=\skip65
\f@ncyO@olh=\skip66
\f@ncyO@orh=\skip67
\f@ncyO@elf=\skip68
\f@ncyO@erf=\skip69
\f@ncyO@olf=\skip70
\f@ncyO@orf=\skip71
) (C:\Users\Gabrielle\AppData\Roaming\MiKTeX\2.9\tex\latex\sectsty\sectsty.sty
Package: sectsty 2002/02/25 v2.0.2 Commands to change all sectional heading sty
les
)
(C:\Users\Gabrielle\AppData\Roaming\MiKTeX\2.9\tex\latex\tocbibind\tocbibind.st
y
Package: tocbibind 2010/10/13 v1.5k extra ToC listings
Package tocbibind Info: The document has section divisions on input line 50.


Package tocbibind Note: Using section or other style headings.

) (C:\Users\Gabrielle\AppData\Roaming\MiKTeX\2.9\tex\latex\tocloft\tocloft.sty
Package: tocloft 2013/05/02 v2.3f parameterised ToC, etc., typesetting
Package tocloft Info: The document has section divisions on input line 44.
\cftparskip=\skip72
\cftbeforetoctitleskip=\skip73
\cftaftertoctitleskip=\skip74
\cftbeforepartskip=\skip75
\cftpartnumwidth=\skip76
\cftpartindent=\skip77
\cftbeforesecskip=\skip78
\cftsecindent=\skip79
\cftsecnumwidth=\skip80
\cftbeforesubsecskip=\skip81
\cftsubsecindent=\skip82
\cftsubsecnumwidth=\skip83
\cftbeforesubsubsecskip=\skip84
\cftsubsubsecindent=\skip85
\cftsubsubsecnumwidth=\skip86
\cftbeforeparaskip=\skip87
\cftparaindent=\skip88
\cftparanumwidth=\skip89
\cftbeforesubparaskip=\skip90
\cftsubparaindent=\skip91
\cftsubparanumwidth=\skip92
\cftbeforeloftitleskip=\skip93
\cftafterloftitleskip=\skip94
\cftbeforefigskip=\skip95
\cftfigindent=\skip96
\cftfignumwidth=\skip97
\cftbeforelottitleskip=\skip98
\cftafterlottitleskip=\skip99
\cftbeforetabskip=\skip100
\cfttabindent=\skip101
\cfttabnumwidth=\skip102
\cftbeforesubfigskip=\skip103
\cftsubfigindent=\skip104
\cftsubfignumwidth=\skip105
\cftbeforesubtabskip=\skip106
\cftsubtabindent=\skip107
\cftsubtabnumwidth=\skip108
)
\tikzscale@accuracy=\skip109

(C:\Users\Gabrielle\Desktop\Gabrielle-Cosm-Research_GitHubby\MSProjectDraft.aux

LaTeX Warning: Label `subfig-2:dummy' multiply defined.


LaTeX Warning: Label `sub@subfig-2:dummy' multiply defined.


LaTeX Warning: Label `subfig-1:dummy' multiply defined.


LaTeX Warning: Label `sub@subfig-1:dummy' multiply defined.


LaTeX Warning: Label `subfig-2:dummy' multiply defined.


LaTeX Warning: Label `sub@subfig-2:dummy' multiply defined.


LaTeX Warning: Label `subfig-2:dummy' multiply defined.


LaTeX Warning: Label `sub@subfig-2:dummy' multiply defined.


LaTeX Warning: Label `subfig-2:dummy' multiply defined.


LaTeX Warning: Label `sub@subfig-2:dummy' multiply defined.


LaTeX Warning: Label `subfig-2:dummy' multiply defined.


LaTeX Warning: Label `sub@subfig-2:dummy' multiply defined.


LaTeX Warning: Label `subfig-2:dummy' multiply defined.


LaTeX Warning: Label `sub@subfig-2:dummy' multiply defined.


LaTeX Warning: Label `subfig-2:dummy' multiply defined.


LaTeX Warning: Label `sub@subfig-2:dummy' multiply defined.


LaTeX Warning: Label `subfig-2:dummy' multiply defined.


LaTeX Warning: Label `sub@subfig-2:dummy' multiply defined.


LaTeX Warning: Label `subfig-2:dummy' multiply defined.


LaTeX Warning: Label `sub@subfig-2:dummy' multiply defined.


LaTeX Warning: Label `fig:dummy' multiply defined.

)
LaTeX Font Info:    Checking defaults for OML/cmm/m/it on input line 74.
LaTeX Font Info:    ... okay on input line 74.
LaTeX Font Info:    Checking defaults for T1/cmr/m/n on input line 74.
LaTeX Font Info:    ... okay on input line 74.
LaTeX Font Info:    Checking defaults for OT1/cmr/m/n on input line 74.
LaTeX Font Info:    ... okay on input line 74.
LaTeX Font Info:    Checking defaults for OMS/cmsy/m/n on input line 74.
LaTeX Font Info:    ... okay on input line 74.
LaTeX Font Info:    Checking defaults for OMX/cmex/m/n on input line 74.
LaTeX Font Info:    ... okay on input line 74.
LaTeX Font Info:    Checking defaults for U/cmr/m/n on input line 74.
LaTeX Font Info:    ... okay on input line 74.

*geometry* driver: auto-detecting
*geometry* detected driver: pdftex
*geometry* verbose mode - [ preamble ] result:
* driver: pdftex
* paper: letterpaper
* layout: <same size as paper>
* layoutoffset:(h,v)=(0.0pt,0.0pt)
* modes: 
* h-part:(L,W,R)=(92.14519pt, 430.00462pt, 92.14519pt)
* v-part:(T,H,B)=(95.39737pt, 556.47656pt, 143.09605pt)
* \paperwidth=614.295pt
* \paperheight=794.96999pt
* \textwidth=430.00462pt
* \textheight=556.47656pt
* \oddsidemargin=19.8752pt
* \evensidemargin=19.8752pt
* \topmargin=-13.87262pt
* \headheight=12.0pt
* \headsep=25.0pt
* \topskip=12.0pt
* \footskip=30.0pt
* \marginparwidth=44.0pt
* \marginparsep=10.0pt
* \columnsep=10.0pt
* \skip\footins=10.8pt plus 4.0pt minus 2.0pt
* \hoffset=0.0pt
* \voffset=0.0pt
* \mag=1000
* \@twocolumnfalse
* \@twosidefalse
* \@mparswitchfalse
* \@reversemarginfalse
* (1in=72.27pt=25.4mm, 1cm=28.453pt)

(C:\Users\Gabrielle\AppData\Roaming\MiKTeX\2.9\tex\context\base\supp-pdf.mkii
[Loading MPS to PDF converter (version 2006.09.02).]
\scratchcounter=\count193
\scratchdimen=\dimen290
\scratchbox=\box56
\nofMPsegments=\count194
\nofMParguments=\count195
\everyMPshowfont=\toks43
\MPscratchCnt=\count196
\MPscratchDim=\dimen291
\MPnumerator=\count197
\makeMPintoPDFobject=\count198
\everyMPtoPDFconversion=\toks44
)
Package caption Info: Begin \AtBeginDocument code.
Package caption Info: subfig package v1.3 is loaded.
Package caption Info: End \AtBeginDocument code.
 ABD: EveryShipout initializing macros

Package pgfplots Warning: running in backwards compatibility mode (unsuitable t
ick labels; missing features). Consider writing \pgfplotsset{compat=1.12} into 
your preamble.
 on input line 74.

LaTeX Font Info:    Try loading font information for U+msa on input line 75.
("C:\Program Files\MiKTeX 2.9\tex\latex\amsfonts\umsa.fd"
File: umsa.fd 2013/01/14 v3.01 AMS symbols A
)
LaTeX Font Info:    Try loading font information for U+msb on input line 75.

("C:\Program Files\MiKTeX 2.9\tex\latex\amsfonts\umsb.fd"
File: umsb.fd 2013/01/14 v3.01 AMS symbols B
)
(C:\Users\Gabrielle\Desktop\Gabrielle-Cosm-Research_GitHubby\MSProjectDraft.toc
)
\tf@toc=\write5
 [1

{C:/Users/Gabrielle/AppData/Local/MiKTeX/2.9/pdftex/config/pdftex.map}]
Overfull \hbox (4.73404pt too wide) in paragraph at lines 91--92
\OT1/cmr/m/n/12 Navarro-Frenk-White (GNFW) pro-file, but are de-tected through 
the ther-mal Sunyaev-
 []

[2] [3]
LaTeX Font Info:    Try loading font information for U+bbmtt on input line 112.

 (C:\Users\Gabrielle\AppData\Roaming\MiKTeX\2.9\tex\latex\bbm\ubbmtt.fd
File: ubbmtt.fd 1999/03/15 V 1.2 Font definition for bbmss font - TH
) [4] [5] [6]
<C:/Users/Gabrielle/Desktop/Figures/Arnaud_All_Masses_Z_0.22.pdf, id=36, 578.16
pt x 430.0065pt>
File: C:/Users/Gabrielle/Desktop/Figures/Arnaud_All_Masses_Z_0.22.pdf Graphic f
ile (type pdf)

<use C:/Users/Gabrielle/Desktop/Figures/Arnaud_All_Masses_Z_0.22.pdf>
Package pdftex.def Info: C:/Users/Gabrielle/Desktop/Figures/Arnaud_All_Masses_Z
_0.22.pdf used on input line 173.
(pdftex.def)             Requested size: 289.07928pt x 215.00272pt.

<C:/Users/Gabrielle/Desktop/Figures/Arnaud_All_Masses_Z_0.55.pdf, id=37, 578.16
pt x 430.0065pt>
File: C:/Users/Gabrielle/Desktop/Figures/Arnaud_All_Masses_Z_0.55.pdf Graphic f
ile (type pdf)

<use C:/Users/Gabrielle/Desktop/Figures/Arnaud_All_Masses_Z_0.55.pdf>
Package pdftex.def Info: C:/Users/Gabrielle/Desktop/Figures/Arnaud_All_Masses_Z
_0.55.pdf used on input line 178.
(pdftex.def)             Requested size: 289.07928pt x 215.00272pt.

<C:/Users/Gabrielle/Desktop/Figures/Arnaud_All_Masses_Z_1.00.pdf, id=38, 578.16
pt x 430.0065pt>
File: C:/Users/Gabrielle/Desktop/Figures/Arnaud_All_Masses_Z_1.00.pdf Graphic f
ile (type pdf)

<use C:/Users/Gabrielle/Desktop/Figures/Arnaud_All_Masses_Z_1.00.pdf>
Package pdftex.def Info: C:/Users/Gabrielle/Desktop/Figures/Arnaud_All_Masses_Z
_1.00.pdf used on input line 183.
(pdftex.def)             Requested size: 289.07928pt x 215.00272pt.


LaTeX Warning: Float too large for page by 134.22386pt on input line 186.


<C:/Users/Gabrielle/Desktop/Figures/Arnaud_All_Masses_Z_0.22_95GHz.pdf, id=39, 
578.16pt x 430.0065pt>
File: C:/Users/Gabrielle/Desktop/Figures/Arnaud_All_Masses_Z_0.22_95GHz.pdf Gra
phic file (type pdf)

<use C:/Users/Gabrielle/Desktop/Figures/Arnaud_All_Masses_Z_0.22_95GHz.pdf>
Package pdftex.def Info: C:/Users/Gabrielle/Desktop/Figures/Arnaud_All_Masses_Z
_0.22_95GHz.pdf used on input line 192.
(pdftex.def)             Requested size: 289.07928pt x 215.00272pt.

<C:/Users/Gabrielle/Desktop/Figures/Arnaud_All_Masses_Z_0.55_95GHz.pdf, id=40, 
578.16pt x 430.0065pt>
File: C:/Users/Gabrielle/Desktop/Figures/Arnaud_All_Masses_Z_0.55_95GHz.pdf Gra
phic file (type pdf)

<use C:/Users/Gabrielle/Desktop/Figures/Arnaud_All_Masses_Z_0.55_95GHz.pdf>
Package pdftex.def Info: C:/Users/Gabrielle/Desktop/Figures/Arnaud_All_Masses_Z
_0.55_95GHz.pdf used on input line 197.
(pdftex.def)             Requested size: 289.07928pt x 215.00272pt.

<C:/Users/Gabrielle/Desktop/Figures/Arnaud_All_Masses_Z_1.00_95GHz.pdf, id=41, 
578.16pt x 430.0065pt>
File: C:/Users/Gabrielle/Desktop/Figures/Arnaud_All_Masses_Z_1.00_95GHz.pdf Gra
phic file (type pdf)

<use C:/Users/Gabrielle/Desktop/Figures/Arnaud_All_Masses_Z_1.00_95GHz.pdf>
Package pdftex.def Info: C:/Users/Gabrielle/Desktop/Figures/Arnaud_All_Masses_Z
_1.00_95GHz.pdf used on input line 202.
(pdftex.def)             Requested size: 289.07928pt x 215.00272pt.


LaTeX Warning: Float too large for page by 134.22386pt on input line 205.


<C:/Users/Gabrielle/Desktop/Figures/Arnaud_All_Masses_Z_0.22_220GHz.pdf, id=42,
 578.16pt x 430.0065pt>
File: C:/Users/Gabrielle/Desktop/Figures/Arnaud_All_Masses_Z_0.22_220GHz.pdf Gr
aphic file (type pdf)

<use C:/Users/Gabrielle/Desktop/Figures/Arnaud_All_Masses_Z_0.22_220GHz.pdf>
Package pdftex.def Info: C:/Users/Gabrielle/Desktop/Figures/Arnaud_All_Masses_Z
_0.22_220GHz.pdf used on input line 211.
(pdftex.def)             Requested size: 289.07928pt x 215.00272pt.

<C:/Users/Gabrielle/Desktop/Figures/Arnaud_All_Masses_Z_0.55_220GHz.pdf, id=43,
 578.16pt x 430.0065pt>
File: C:/Users/Gabrielle/Desktop/Figures/Arnaud_All_Masses_Z_0.55_220GHz.pdf Gr
aphic file (type pdf)

<use C:/Users/Gabrielle/Desktop/Figures/Arnaud_All_Masses_Z_0.55_220GHz.pdf>
Package pdftex.def Info: C:/Users/Gabrielle/Desktop/Figures/Arnaud_All_Masses_Z
_0.55_220GHz.pdf used on input line 216.
(pdftex.def)             Requested size: 289.07928pt x 215.00272pt.

<C:/Users/Gabrielle/Desktop/Figures/Arnaud_All_Masses_Z_1.00_220GHz.pdf, id=44,
 578.16pt x 430.0065pt>
File: C:/Users/Gabrielle/Desktop/Figures/Arnaud_All_Masses_Z_1.00_220GHz.pdf Gr
aphic file (type pdf)

<use C:/Users/Gabrielle/Desktop/Figures/Arnaud_All_Masses_Z_1.00_220GHz.pdf>
Package pdftex.def Info: C:/Users/Gabrielle/Desktop/Figures/Arnaud_All_Masses_Z
_1.00_220GHz.pdf used on input line 221.
(pdftex.def)             Requested size: 289.07928pt x 215.00272pt.


LaTeX Warning: Float too large for page by 134.22386pt on input line 224.


<C:/Users/Gabrielle/Desktop/Figures/2.5_.22hm.pdf, id=45, 578.16pt x 430.0065pt
>
File: C:/Users/Gabrielle/Desktop/Figures/2.5_.22hm.pdf Graphic file (type pdf)
 <use C:/Users/Gabrielle/Desktop/Figures/2.5_.22hm.pdf>
Package pdftex.def Info: C:/Users/Gabrielle/Desktop/Figures/2.5_.22hm.pdf used 
on input line 234.
(pdftex.def)             Requested size: 635.97797pt x 473.0086pt.

<C:/Users/Gabrielle/Desktop/Figures/3.5_.22hm.pdf, id=46, 578.16pt x 430.0065pt
>
File: C:/Users/Gabrielle/Desktop/Figures/3.5_.22hm.pdf Graphic file (type pdf)
 <use C:/Users/Gabrielle/Desktop/Figures/3.5_.22hm.pdf>
Package pdftex.def Info: C:/Users/Gabrielle/Desktop/Figures/3.5_.22hm.pdf used 
on input line 238.
(pdftex.def)             Requested size: 635.97797pt x 473.0086pt.

<C:/Users/Gabrielle/Desktop/Figures/4.5_.22hm.pdf, id=47, 578.16pt x 430.0065pt
>
File: C:/Users/Gabrielle/Desktop/Figures/4.5_.22hm.pdf Graphic file (type pdf)
 <use C:/Users/Gabrielle/Desktop/Figures/4.5_.22hm.pdf>
Package pdftex.def Info: C:/Users/Gabrielle/Desktop/Figures/4.5_.22hm.pdf used 
on input line 242.
(pdftex.def)             Requested size: 635.97797pt x 473.0086pt.

<C:/Users/Gabrielle/Desktop/Figures/2.5_.55hm.pdf, id=48, 578.16pt x 430.0065pt
>
File: C:/Users/Gabrielle/Desktop/Figures/2.5_.55hm.pdf Graphic file (type pdf)
 <use C:/Users/Gabrielle/Desktop/Figures/2.5_.55hm.pdf>
Package pdftex.def Info: C:/Users/Gabrielle/Desktop/Figures/2.5_.55hm.pdf used 
on input line 246.
(pdftex.def)             Requested size: 635.97797pt x 473.0086pt.

<C:/Users/Gabrielle/Desktop/Figures/3.5_.55hm.pdf, id=49, 578.16pt x 430.0065pt
>
File: C:/Users/Gabrielle/Desktop/Figures/3.5_.55hm.pdf Graphic file (type pdf)
 <use C:/Users/Gabrielle/Desktop/Figures/3.5_.55hm.pdf>
Package pdftex.def Info: C:/Users/Gabrielle/Desktop/Figures/3.5_.55hm.pdf used 
on input line 250.
(pdftex.def)             Requested size: 635.97797pt x 473.0086pt.

<C:/Users/Gabrielle/Desktop/Figures/4.5_.55hm.pdf, id=50, 578.16pt x 430.0065pt
>
File: C:/Users/Gabrielle/Desktop/Figures/4.5_.55hm.pdf Graphic file (type pdf)
 <use C:/Users/Gabrielle/Desktop/Figures/4.5_.55hm.pdf>
Package pdftex.def Info: C:/Users/Gabrielle/Desktop/Figures/4.5_.55hm.pdf used 
on input line 254.
(pdftex.def)             Requested size: 635.97797pt x 473.0086pt.

<C:/Users/Gabrielle/Desktop/Figures/2.5_1hm.pdf, id=51, 578.16pt x 430.0065pt>
File: C:/Users/Gabrielle/Desktop/Figures/2.5_1hm.pdf Graphic file (type pdf)

<use C:/Users/Gabrielle/Desktop/Figures/2.5_1hm.pdf>
Package pdftex.def Info: C:/Users/Gabrielle/Desktop/Figures/2.5_1hm.pdf used on
 input line 258.
(pdftex.def)             Requested size: 635.97797pt x 473.0086pt.

<C:/Users/Gabrielle/Desktop/Figures/3.5_1hm.pdf, id=52, 578.16pt x 430.0065pt>
File: C:/Users/Gabrielle/Desktop/Figures/3.5_1hm.pdf Graphic file (type pdf)

<use C:/Users/Gabrielle/Desktop/Figures/3.5_1hm.pdf>
Package pdftex.def Info: C:/Users/Gabrielle/Desktop/Figures/3.5_1hm.pdf used on
 input line 262.
(pdftex.def)             Requested size: 635.97797pt x 473.0086pt.

<C:/Users/Gabrielle/Desktop/Figures/4.5_1hm.pdf, id=53, 578.16pt x 430.0065pt>
File: C:/Users/Gabrielle/Desktop/Figures/4.5_1hm.pdf Graphic file (type pdf)

<use C:/Users/Gabrielle/Desktop/Figures/4.5_1hm.pdf>
Package pdftex.def Info: C:/Users/Gabrielle/Desktop/Figures/4.5_1hm.pdf used on
 input line 266.
(pdftex.def)             Requested size: 635.97797pt x 473.0086pt.
 [7] [8 <C:/Users/Gabrielle/Desktop/Figures/Arnaud_All_Masses_Z_0.22.pdf> <C:/U
sers/Gabrielle/Desktop/Figures/Arnaud_All_Masses_Z_0.55.pdf

pdfTeX warning: miktex-pdftex.exe (file C:/Users/Gabrielle/Desktop/Figures/Arna
ud_All_Masses_Z_0.55.pdf): PDF inclusion: multiple pdfs with page group include
d in a single page
> <C:/Users/Gabrielle/Desktop/Figures/Arnaud_All_Masses_Z_1.00.pdf

pdfTeX warning: miktex-pdftex.exe (file C:/Users/Gabrielle/Desktop/Figures/Arna
ud_All_Masses_Z_1.00.pdf): PDF inclusion: multiple pdfs with page group include
d in a single page
>] [9 <C:/Users/Gabrielle/Desktop/Figures/Arnaud_All_Masses_Z_0.22_95GHz.pdf> <
C:/Users/Gabrielle/Desktop/Figures/Arnaud_All_Masses_Z_0.55_95GHz.pdf

pdfTeX warning: miktex-pdftex.exe (file C:/Users/Gabrielle/Desktop/Figures/Arna
ud_All_Masses_Z_0.55_95GHz.pdf): PDF inclusion: multiple pdfs with page group i
ncluded in a single page
> <C:/Users/Gabrielle/Desktop/Figures/Arnaud_All_Masses_Z_1.00_95GHz.pdf

pdfTeX warning: miktex-pdftex.exe (file C:/Users/Gabrielle/Desktop/Figures/Arna
ud_All_Masses_Z_1.00_95GHz.pdf): PDF inclusion: multiple pdfs with page group i
ncluded in a single page
>] [10 <C:/Users/Gabrielle/Desktop/Figures/Arnaud_All_Masses_Z_0.22_220GHz.pdf>
 <C:/Users/Gabrielle/Desktop/Figures/Arnaud_All_Masses_Z_0.55_220GHz.pdf

pdfTeX warning: miktex-pdftex.exe (file C:/Users/Gabrielle/Desktop/Figures/Arna
ud_All_Masses_Z_0.55_220GHz.pdf): PDF inclusion: multiple pdfs with page group 
included in a single page
> <C:/Users/Gabrielle/Desktop/Figures/Arnaud_All_Masses_Z_1.00_220GHz.pdf

pdfTeX warning: miktex-pdftex.exe (file C:/Users/Gabrielle/Desktop/Figures/Arna
ud_All_Masses_Z_1.00_220GHz.pdf): PDF inclusion: multiple pdfs with page group 
included in a single page
>] [11 <C:/Users/Gabrielle/Desktop/Figures/2.5_.22hm.pdf> <C:/Users/Gabrielle/D
esktop/Figures/3.5_.22hm.pdf

pdfTeX warning: miktex-pdftex.exe (file C:/Users/Gabrielle/Desktop/Figures/3.5_
.22hm.pdf): PDF inclusion: multiple pdfs with page group included in a single p
age
> <C:/Users/Gabrielle/Desktop/Figures/4.5_.22hm.pdf

pdfTeX warning: miktex-pdftex.exe (file C:/Users/Gabrielle/Desktop/Figures/4.5_
.22hm.pdf): PDF inclusion: multiple pdfs with page group included in a single p
age
> <C:/Users/Gabrielle/Desktop/Figures/2.5_.55hm.pdf

pdfTeX warning: miktex-pdftex.exe (file C:/Users/Gabrielle/Desktop/Figures/2.5_
.55hm.pdf): PDF inclusion: multiple pdfs with page group included in a single p
age
> <C:/Users/Gabrielle/Desktop/Figures/3.5_.55hm.pdf

pdfTeX warning: miktex-pdftex.exe (file C:/Users/Gabrielle/Desktop/Figures/3.5_
.55hm.pdf): PDF inclusion: multiple pdfs with page group included in a single p
age
> <C:/Users/Gabrielle/Desktop/Figures/4.5_.55hm.pdf

pdfTeX warning: miktex-pdftex.exe (file C:/Users/Gabrielle/Desktop/Figures/4.5_
.55hm.pdf): PDF inclusion: multiple pdfs with page group included in a single p
age
> <C:/Users/Gabrielle/Desktop/Figures/2.5_1hm.pdf

pdfTeX warning: miktex-pdftex.exe (file C:/Users/Gabrielle/Desktop/Figures/2.5_
1hm.pdf): PDF inclusion: multiple pdfs with page group included in a single pag
e
> <C:/Users/Gabrielle/Desktop/Figures/3.5_1hm.pdf

pdfTeX warning: miktex-pdftex.exe (file C:/Users/Gabrielle/Desktop/Figures/3.5_
1hm.pdf): PDF inclusion: multiple pdfs with page group included in a single pag
e
> <C:/Users/Gabrielle/Desktop/Figures/4.5_1hm.pdf

pdfTeX warning: miktex-pdftex.exe (file C:/Users/Gabrielle/Desktop/Figures/4.5_
1hm.pdf): PDF inclusion: multiple pdfs with page group included in a single pag
e
>]
(C:\Users\Gabrielle\Desktop\Gabrielle-Cosm-Research_GitHubby\MSProjectDraft.aux
)

LaTeX Warning: There were multiply-defined labels.

 ) 
Here is how much of TeX's memory you used:
 31042 strings out of 493921
 730401 string characters out of 3147270
 977281 words of memory out of 3000000
 33808 multiletter control sequences out of 15000+200000
 13953 words of font info for 58 fonts, out of 3000000 for 9000
 841 hyphenation exceptions out of 8191
 55i,12n,77p,10415b,609s stack positions out of 5000i,500n,10000p,200000b,50000s
 <C:\Users\Gabrielle\AppData\Local\MiKTeX\2.9\fonts\pk\ljfour\public\bbm\dpi6
00\bbmtt12.pk><C:/Program Files/MiKTeX 2.9/fonts/type1/public/amsfonts/cm/cmex1
0.pfb><C:/Program Files/MiKTeX 2.9/fonts/type1/public/amsfonts/cm/cmmi10.pfb><C
:/Program Files/MiKTeX 2.9/fonts/type1/public/amsfonts/cm/cmmi12.pfb><C:/Progra
m Files/MiKTeX 2.9/fonts/type1/public/amsfonts/cm/cmmi6.pfb><C:/Program Files/M
iKTeX 2.9/fonts/type1/public/amsfonts/cm/cmmi8.pfb><C:/Program Files/MiKTeX 2.9
/fonts/type1/public/amsfonts/cm/cmr10.pfb><C:/Program Files/MiKTeX 2.9/fonts/ty
pe1/public/amsfonts/cm/cmr12.pfb><C:/Program Files/MiKTeX 2.9/fonts/type1/publi
c/amsfonts/cm/cmr17.pfb><C:/Program Files/MiKTeX 2.9/fonts/type1/public/amsfont
s/cm/cmr6.pfb><C:/Program Files/MiKTeX 2.9/fonts/type1/public/amsfonts/cm/cmr7.
pfb><C:/Program Files/MiKTeX 2.9/fonts/type1/public/amsfonts/cm/cmr8.pfb><C:/Pr
ogram Files/MiKTeX 2.9/fonts/type1/public/amsfonts/cm/cmss17.pfb><C:/Program Fi
les/MiKTeX 2.9/fonts/type1/public/amsfonts/cm/cmsy10.pfb><C:/Program Files/MiKT
eX 2.9/fonts/type1/public/amsfonts/cm/cmsy6.pfb><C:/Program Files/MiKTeX 2.9/fo
nts/type1/public/amsfonts/cm/cmsy7.pfb><C:/Program Files/MiKTeX 2.9/fonts/type1
/public/amsfonts/cm/cmsy8.pfb>
Output written on MSProjectDraft.pdf (11 pages, 835200 bytes).
PDF statistics:
 1067 PDF objects out of 1200 (max. 8388607)
 0 named destinations out of 1000 (max. 500000)
 103 words of extra memory for PDF output out of 10000 (max. 10000000)

